This is pdfTeX, Version 3.14159265-2.6-1.40.21 (MiKTeX 20.6.29) (preloaded format=pdflatex 2021.8.20)  20 DEC 2021 16:16
entering extended mode
**./Chehade_Schrodinger_tpfinal.tex
(Chehade_Schrodinger_tpfinal.tex
LaTeX2e <2020-02-02> patch level 5
L3 programming layer <2020-06-18>
("C:/Program Files/revtex\tex/latex\revtex\revtex4-2.cls"
Document Class: revtex4-2 2020/10/03 4.2e (https://journals.aps.org/revtex/ for
 documentation)
 Copyright (c) 2019 American Physical Society.
 mailto:revtex@aps.org
 Licensed under the LPPL:
http://www.ctan.org/tex-archive/macros/latex/base/lppl.txt
 Arthur Ogawa <arthur_ogawa at sbcglobal dot net>
 Based on work by David Carlisle <david at dcarlisle.demon.co.uk>
 Version (4.2d,4.2e): Modified by Mark Doyle and Phelype Oleinik
 .
ltxutil[2020/10/03 4.2e utilities package (portions licensed from W. E. Baxter 
web at superscript.com)]
LaTeX Info: Redefining \@centercr on input line 356.
Class revtex4-2 Info: Repairing broken LaTeX eqnarray on input line 406.
\eqncolsep=\skip47
Class revtex4-2 Info: Repairing hyperref-unfriendly LaTeX definition of \mpfoot
note on input line 481.
Class revtex4-2 Info: Repairing broken LateX \@sect on input line 803.
\intertabularlinepenalty=\count167
\@tbpen=\count168
\@arstrutbox@hline=\box45
Class revtex4-2 Info: Repairing broken LaTeX \@xbitor on input line 1834.
Class revtex4-2 Info: Making \typeout \long on input line 2099.
ltxfront[2020/10/03 4.2e frontmatter package (AO,DPC,MD)]
\c@affil=\count169
\c@collab=\count170
\absbox=\box46
ltxgrid[2020/10/03 4.2e page grid package (portions licensed from W. E. Baxter 
web at superscript.com)]
\c@linecount=\count171
\output@latex=\toks15
\box@size@1=\box47
\box@size@2=\box48
\@protection@box=\box49
\@topmark@saved=\toks16
\footins@saved=\box50
\footins@recovered=\box51
\column@recovered=\box52
\pagesofar=\box53
\footsofar=\box54
\pagegrid@col=\count172
Class revtex4-2 Info: Overriding \@vspace, \@vspacer, \@no@pgbk, \@newline, and
 \\  on input line 5665.
\c@part=\count173
\c@section=\count174
\c@subsection=\count175
\c@subsubsection=\count176
\c@paragraph=\count177
\c@subparagraph=\count178
\abovecaptionskip=\skip48
\belowcaptionskip=\skip49
\c@figure=\count179
\fbox@1=\box55
\c@table=\count180
\fbox@2=\box56
\c@video=\count181
\fbox@4=\box57
\@bibdataout=\write3
\widetext@top=\box58
\widetext@bot=\box59
Class revtex4-2 Info: Selecting society aps on input line 7658.
("C:/Program Files/revtex\tex/latex\revtex\aps4-2.rtx"
File: aps4-2 2020/10/03 4.2e (https://journals.aps.org/revtex/ for documentatio
n)
Class revtex4-2 Info: RevTeX society APS selected on input line 40.
)
Class revtex4-2 Info: Selecting journal prb on input line 7660.
Class revtex4-2 Info: APS journal PRB selected on input line 7661.


Class revtex4-2 Warning: No type size specified, using default 10.

("C:/Program Files/revtex\tex/latex\revtex\aps10pt4-2.rtx"
File: aps10pt4-2 2020/10/03 4.2e (https://journals.aps.org/revtex/ for document
ation)
Class revtex4-2 Info: RevTeX pointsize 10pt selected on input line 39.
)
(C:\Users\lupam\AppData\Local\Programs\MiKTeX\tex/latex/textcase\textcase.sty
Package: textcase 2019/09/14 v1.00 Text only upper/lower case changing (DPC)
)
(C:\Users\lupam\AppData\Local\Programs\MiKTeX\tex/latex/url\url.sty
\Urlmuskip=\muskip16
Package: url 2013/09/16  ver 3.4  Verb mode for urls, etc.
)
(C:\Users\lupam\AppData\Local\Programs\MiKTeX\tex/latex/natbib\natbib.sty
Package: natbib 2010/09/13 8.31b (PWD, AO)
\bibhang=\skip50
\bibsep=\skip51
LaTeX Info: Redefining \cite on input line 694.
\c@NAT@ctr=\count182
)
Class revtex4-2 Info: Repairing natbib's \BibitemShut on input line 7665.

("C:/Program Files/revtex\tex/latex\revtex\revsymb4-2.sty"
Package: revsymb4-2 2020/10/03 4.2e (https://journals.aps.org/revtex/ for docum
entation)
LaTeX Info: Redefining \REV@mathfrak on input line 128.
))
(C:\Users\lupam\AppData\Local\Programs\MiKTeX\tex/latex/base\inputenc.sty
Package: inputenc 2018/08/11 v1.3c Input encoding file
\inpenc@prehook=\toks17
\inpenc@posthook=\toks18
)
(C:\Users\lupam\AppData\Local\Programs\MiKTeX\tex/generic/babel\babel.sty
Package: babel 2020/06/10 3.45 The Babel package

(C:\Users\lupam\AppData\Local\Programs\MiKTeX\tex/generic/babel\babel.def
File: babel.def 2020/06/10 3.45 Babel common definitions
\babel@savecnt=\count183
\U@D=\dimen134
\l@babelnohyphens=\language79

(C:\Users\lupam\AppData\Local\Programs\MiKTeX\tex/generic/babel\txtbabel.def)
\bbl@readstream=\read2
)
\bbl@dirlevel=\count184

*************************************
* Local config file bblopts.cfg used
*
(C:\Users\lupam\AppData\Local\Programs\MiKTeX\tex/latex/arabi\bblopts.cfg
File: bblopts.cfg 2005/09/08 v0.1 add Arabic and Farsi to "declared" options of
 babel
)
(C:\Users\lupam\AppData\Local\Programs\MiKTeX\tex/latex/babel-spanish\spanish.l
df
Language: spanish.ldf 2016/03/03 v5.0p Spanish support from the babel system
\es@quottoks=\toks19
\es@quotdepth=\count185
Package babel Info: Making " an active character on input line 561.
Package babel Info: Making . an active character on input line 662.
Package babel Info: Making < an active character on input line 707.
Package babel Info: Making > an active character on input line 707.
))
(C:\Users\lupam\AppData\Local\Programs\MiKTeX\tex/latex/graphics\graphicx.sty
Package: graphicx 2019/11/30 v1.2a Enhanced LaTeX Graphics (DPC,SPQR)

(C:\Users\lupam\AppData\Local\Programs\MiKTeX\tex/latex/graphics\keyval.sty
Package: keyval 2014/10/28 v1.15 key=value parser (DPC)
\KV@toks@=\toks20
)
(C:\Users\lupam\AppData\Local\Programs\MiKTeX\tex/latex/graphics\graphics.sty
Package: graphics 2019/11/30 v1.4a Standard LaTeX Graphics (DPC,SPQR)

(C:\Users\lupam\AppData\Local\Programs\MiKTeX\tex/latex/graphics\trig.sty
Package: trig 2016/01/03 v1.10 sin cos tan (DPC)
)
(C:\Users\lupam\AppData\Local\Programs\MiKTeX\tex/latex/graphics-cfg\graphics.c
fg
File: graphics.cfg 2016/06/04 v1.11 sample graphics configuration
)
Package graphics Info: Driver file: pdftex.def on input line 105.

(C:\Users\lupam\AppData\Local\Programs\MiKTeX\tex/latex/graphics-def\pdftex.def
File: pdftex.def 2018/01/08 v1.0l Graphics/color driver for pdftex
))
\Gin@req@height=\dimen135
\Gin@req@width=\dimen136
) (C:\Users\lupam\AppData\Local\Programs\MiKTeX\tex/latex/amsmath\amsmath.sty
Package: amsmath 2020/01/20 v2.17e AMS math features
\@mathmargin=\skip52
For additional information on amsmath, use the `?' option.
(C:\Users\lupam\AppData\Local\Programs\MiKTeX\tex/latex/amsmath\amstext.sty
Package: amstext 2000/06/29 v2.01 AMS text

(C:\Users\lupam\AppData\Local\Programs\MiKTeX\tex/latex/amsmath\amsgen.sty
File: amsgen.sty 1999/11/30 v2.0 generic functions
\@emptytoks=\toks21
\ex@=\dimen137
)
LaTeX Info: Redefining \text on input line 28.
)
(C:\Users\lupam\AppData\Local\Programs\MiKTeX\tex/latex/amsmath\amsbsy.sty
Package: amsbsy 1999/11/29 v1.2d Bold Symbols
\pmbraise@=\dimen138
)
(C:\Users\lupam\AppData\Local\Programs\MiKTeX\tex/latex/amsmath\amsopn.sty
Package: amsopn 2016/03/08 v2.02 operator names
)
\inf@bad=\count186
LaTeX Info: Redefining \frac on input line 227.
\uproot@=\count187
\leftroot@=\count188
LaTeX Info: Redefining \overline on input line 389.
\classnum@=\count189
\DOTSCASE@=\count190
LaTeX Info: Redefining \ldots on input line 486.
LaTeX Info: Redefining \dots on input line 489.
LaTeX Info: Redefining \cdots on input line 610.
\Mathstrutbox@=\box60
\strutbox@=\box61
\big@size=\dimen139
LaTeX Font Info:    Redeclaring font encoding OML on input line 733.
LaTeX Font Info:    Redeclaring font encoding OMS on input line 734.
\macc@depth=\count191
\c@MaxMatrixCols=\count192
\dotsspace@=\muskip17
\c@parentequation=\count193
\dspbrk@lvl=\count194
\tag@help=\toks22
\row@=\count195
\column@=\count196
\maxfields@=\count197
\andhelp@=\toks23
\eqnshift@=\dimen140
\alignsep@=\dimen141
\tagshift@=\dimen142
\tagwidth@=\dimen143
\totwidth@=\dimen144
\lineht@=\dimen145
\@envbody=\toks24
\multlinegap=\skip53
\multlinetaggap=\skip54
\mathdisplay@stack=\toks25
LaTeX Info: Redefining \[ on input line 2859.
LaTeX Info: Redefining \] on input line 2860.
)
(C:\Users\lupam\AppData\Local\Programs\MiKTeX\tex/latex/caption\subcaption.sty
Package: subcaption 2020/10/07 v1.3j Sub-captions (AR)

(C:\Users\lupam\AppData\Local\Programs\MiKTeX\tex/latex/caption\caption.sty
Package: caption 2020/10/26 v3.5g Customizing captions (AR)

(C:\Users\lupam\AppData\Local\Programs\MiKTeX\tex/latex/caption\caption3.sty
Package: caption3 2020/10/21 v2.2e caption3 kernel (AR)
\captionmargin=\dimen146
\captionmargin@=\dimen147
\captionwidth=\dimen148
\caption@tempdima=\dimen149
\caption@indent=\dimen150
\caption@parindent=\dimen151
\caption@hangindent=\dimen152
Package caption Info: Unknown document class (or package),
(caption)             standard defaults will be used.
Package caption Info: \@makecaption = \long macro:#1#2->\par \vskip \abovecapti
onskip \begingroup \small \rmfamily \sbox \@tempboxa {\let \\\heading@cr \@make
@capt@title {#1}{#2}}\@ifdim {\wd \@tempboxa >\hsize }{\begingroup \samepage \f
lushing \let \footnote \@footnotemark@gobble \@make@capt@title {#1}{#2}\par \en
dgroup }{\global \@minipagefalse \hb@xt@ \hsize {\hfil \unhbox \@tempboxa \hfil
 }}\endgroup \vskip \belowcaptionskip  on input line 1139.
)

Package caption Warning: Unknown document class (or package),
(caption)                standard defaults will be used.
See the caption package documentation for explanation.

\c@caption@flags=\count198
\c@continuedfloat=\count199
)
\c@subfigure=\count266
\c@subtable=\count267
) (C:\Users\lupam\AppData\Local\Programs\MiKTeX\tex/latex/wrapfig\wrapfig.sty
\wrapoverhang=\dimen153
\WF@size=\dimen154
\c@WF@wrappedlines=\count268
\WF@box=\box62
\WF@everypar=\toks26
Package: wrapfig 2003/01/31  v 3.6
)
(C:\Users\lupam\AppData\Local\Programs\MiKTeX\tex/latex/adjustbox\adjustbox.sty
Package: adjustbox 2020/08/19 v1.3 Adjusting TeX boxes (trim, clip, ...)
(C:\Users\lupam\AppData\Local\Programs\MiKTeX\tex/latex/xkeyval\xkeyval.sty
Package: xkeyval 2014/12/03 v2.7a package option processing (HA)

(C:\Users\lupam\AppData\Local\Programs\MiKTeX\tex/generic/xkeyval\xkeyval.tex
(C:\Users\lupam\AppData\Local\Programs\MiKTeX\tex/generic/xkeyval\xkvutils.tex
\XKV@toks=\toks27
\XKV@tempa@toks=\toks28
)
\XKV@depth=\count269
File: xkeyval.tex 2014/12/03 v2.7a key=value parser (HA)
))
(C:\Users\lupam\AppData\Local\Programs\MiKTeX\tex/latex/adjustbox\adjcalc.sty
Package: adjcalc 2012/05/16 v1.1 Provides advanced setlength with multiple back
-ends (calc, etex, pgfmath)
)
(C:\Users\lupam\AppData\Local\Programs\MiKTeX\tex/latex/adjustbox\trimclip.sty
Package: trimclip 2020/08/19 v1.2 Trim and clip general TeX material

(C:\Users\lupam\AppData\Local\Programs\MiKTeX\tex/latex/collectbox\collectbox.s
ty
Package: collectbox 2012/05/17 v0.4b Collect macro arguments as boxes
\collectedbox=\box63
)
\tc@llx=\dimen155
\tc@lly=\dimen156
\tc@urx=\dimen157
\tc@ury=\dimen158
Package trimclip Info: Using driver 'tc-pdftex.def'.

(C:\Users\lupam\AppData\Local\Programs\MiKTeX\tex/latex/adjustbox\tc-pdftex.def
File: tc-pdftex.def 2019/01/04 v2.2 Clipping driver for pdftex
))
\adjbox@Width=\dimen159
\adjbox@Height=\dimen160
\adjbox@Depth=\dimen161
\adjbox@Totalheight=\dimen162
\adjbox@pwidth=\dimen163
\adjbox@pheight=\dimen164
\adjbox@pdepth=\dimen165
\adjbox@ptotalheight=\dimen166

(C:\Users\lupam\AppData\Local\Programs\MiKTeX\tex/latex/ifoddpage\ifoddpage.sty
Package: ifoddpage 2016/04/23 v1.1 Conditionals for odd/even page detection
\c@checkoddpage=\count270
) (C:\Users\lupam\AppData\Local\Programs\MiKTeX\tex/latex/varwidth\varwidth.sty
Package: varwidth 2009/03/30 ver 0.92;  Variable-width minipages
\@vwid@box=\box64
\sift@deathcycles=\count271
\@vwid@loff=\dimen167
\@vwid@roff=\dimen168
)) (C:\Users\lupam\AppData\Local\Programs\MiKTeX\tex/latex/amsfonts\amssymb.sty
Package: amssymb 2013/01/14 v3.01 AMS font symbols
(C:\Users\lupam\AppData\Local\Programs\MiKTeX\tex/latex/amsfonts\amsfonts.sty
Package: amsfonts 2013/01/14 v3.01 Basic AMSFonts support
\symAMSa=\mathgroup4
\symAMSb=\mathgroup5
LaTeX Font Info:    Redeclaring math symbol \hbar on input line 98.
LaTeX Font Info:    Overwriting math alphabet `\mathfrak' in version `bold'
(Font)                  U/euf/m/n --> U/euf/b/n on input line 106.
LaTeX Info: Redefining \frak on input line 111.
LaTeX Info: Redefining \Bbb on input line 113.
)) (C:\Users\lupam\AppData\Local\Programs\MiKTeX\tex/latex/tools\bm.sty
Package: bm 2019/07/24 v1.2d Bold Symbol Support (DPC/FMi)
\symboldoperators=\mathgroup6
\symboldletters=\mathgroup7
\symboldsymbols=\mathgroup8
LaTeX Font Info:    Redeclaring math alphabet \mathbf on input line 141.
LaTeX Info: Redefining \bm on input line 209.
)
(C:\Users\lupam\AppData\Local\Programs\MiKTeX\tex/latex/comment\comment.sty
\CommentStream=\write4

Excluding comment 'comment')
(C:\Users\lupam\AppData\Local\Programs\MiKTeX\tex/latex/base\textcomp.sty
Package: textcomp 2020/02/02 v2.0n Standard LaTeX package
)
(C:\Users\lupam\AppData\Local\Programs\MiKTeX\tex/latex/enumitem\enumitem.sty
Package: enumitem 2019/06/20 v3.9 Customized lists
\labelindent=\skip55
\enit@outerparindent=\dimen169
\enit@toks=\toks29
\enit@inbox=\box65
\enit@count@id=\count272
\enitdp@description=\count273
)
(C:\Users\lupam\AppData\Local\Programs\MiKTeX\tex/latex/xcolor\xcolor.sty
Package: xcolor 2016/05/11 v2.12 LaTeX color extensions (UK)

(C:\Users\lupam\AppData\Local\Programs\MiKTeX\tex/latex/graphics-cfg\color.cfg
File: color.cfg 2016/01/02 v1.6 sample color configuration
)
Package xcolor Info: Driver file: pdftex.def on input line 225.
Package xcolor Info: Model `cmy' substituted by `cmy0' on input line 1348.
Package xcolor Info: Model `hsb' substituted by `rgb' on input line 1352.
Package xcolor Info: Model `RGB' extended on input line 1364.
Package xcolor Info: Model `HTML' substituted by `rgb' on input line 1366.
Package xcolor Info: Model `Hsb' substituted by `hsb' on input line 1367.
Package xcolor Info: Model `tHsb' substituted by `hsb' on input line 1368.
Package xcolor Info: Model `HSB' substituted by `hsb' on input line 1369.
Package xcolor Info: Model `Gray' substituted by `gray' on input line 1370.
Package xcolor Info: Model `wave' substituted by `hsb' on input line 1371.
) (C:\Users\lupam\AppData\Local\Programs\MiKTeX\tex/latex/hyperref\hyperref.sty
Package: hyperref 2020-05-15 v7.00e Hypertext links for LaTeX
(C:\Users\lupam\AppData\Local\Programs\MiKTeX\tex/generic/ltxcmds\ltxcmds.sty
Package: ltxcmds 2020-05-10 v1.25 LaTeX kernel commands for general use (HO)
)
(C:\Users\lupam\AppData\Local\Programs\MiKTeX\tex/generic/iftex\iftex.sty
Package: iftex 2020/03/06 v1.0d TeX engine tests
)
(C:\Users\lupam\AppData\Local\Programs\MiKTeX\tex/generic/pdftexcmds\pdftexcmds
.sty
Package: pdftexcmds 2020-06-27 v0.33 Utility functions of pdfTeX for LuaTeX (HO
)

(C:\Users\lupam\AppData\Local\Programs\MiKTeX\tex/generic/infwarerr\infwarerr.s
ty
Package: infwarerr 2019/12/03 v1.5 Providing info/warning/error messages (HO)
)
Package pdftexcmds Info: \pdf@primitive is available.
Package pdftexcmds Info: \pdf@ifprimitive is available.
Package pdftexcmds Info: \pdfdraftmode found.
)
(C:\Users\lupam\AppData\Local\Programs\MiKTeX\tex/generic/kvsetkeys\kvsetkeys.s
ty
Package: kvsetkeys 2019/12/15 v1.18 Key value parser (HO)
)
(C:\Users\lupam\AppData\Local\Programs\MiKTeX\tex/generic/kvdefinekeys\kvdefine
keys.sty
Package: kvdefinekeys 2019-12-19 v1.6 Define keys (HO)
)
(C:\Users\lupam\AppData\Local\Programs\MiKTeX\tex/generic/pdfescape\pdfescape.s
ty
Package: pdfescape 2019/12/09 v1.15 Implements pdfTeX's escape features (HO)
) (C:\Users\lupam\AppData\Local\Programs\MiKTeX\tex/latex/hycolor\hycolor.sty
Package: hycolor 2020-01-27 v1.10 Color options for hyperref/bookmark (HO)
)
(C:\Users\lupam\AppData\Local\Programs\MiKTeX\tex/latex/letltxmacro\letltxmacro
.sty
Package: letltxmacro 2019/12/03 v1.6 Let assignment for LaTeX macros (HO)
)
(C:\Users\lupam\AppData\Local\Programs\MiKTeX\tex/latex/auxhook\auxhook.sty
Package: auxhook 2019-12-17 v1.6 Hooks for auxiliary files (HO)
)
(C:\Users\lupam\AppData\Local\Programs\MiKTeX\tex/latex/kvoptions\kvoptions.sty
Package: kvoptions 2020-10-07 v3.14 Key value format for package options (HO)
)
\@linkdim=\dimen170
\Hy@linkcounter=\count274
\Hy@pagecounter=\count275
 (C:\Users\lupam\AppData\Local\Programs\MiKTeX\tex/latex/hyperref\pd1enc.def
File: pd1enc.def 2020-05-15 v7.00e Hyperref: PDFDocEncoding definition (HO)
Now handling font encoding PD1 ...
... no UTF-8 mapping file for font encoding PD1
)
(C:\Users\lupam\AppData\Local\Programs\MiKTeX\tex/generic/intcalc\intcalc.sty
Package: intcalc 2019/12/15 v1.3 Expandable calculations with integers (HO)
)
(C:\Users\lupam\AppData\Local\Programs\MiKTeX\tex/generic/etexcmds\etexcmds.sty
Package: etexcmds 2019/12/15 v1.7 Avoid name clashes with e-TeX commands (HO)
)
\Hy@SavedSpaceFactor=\count276
Package hyperref Info: Hyper figures OFF on input line 4464.
Package hyperref Info: Link nesting OFF on input line 4469.
Package hyperref Info: Hyper index ON on input line 4472.
Package hyperref Info: Plain pages OFF on input line 4479.
Package hyperref Info: Backreferencing OFF on input line 4484.
Package hyperref Info: Implicit mode ON; LaTeX internals redefined.
Package hyperref Info: Bookmarks ON on input line 4717.
LaTeX Info: Redefining \href on input line 4987.
\c@Hy@tempcnt=\count277
LaTeX Info: Redefining \url on input line 5076.
\XeTeXLinkMargin=\dimen171
 (C:\Users\lupam\AppData\Local\Programs\MiKTeX\tex/generic/bitset\bitset.sty
Package: bitset 2019/12/09 v1.3 Handle bit-vector datatype (HO)

(C:\Users\lupam\AppData\Local\Programs\MiKTeX\tex/generic/bigintcalc\bigintcalc
.sty
Package: bigintcalc 2019/12/15 v1.5 Expandable calculations on big integers (HO
)
))
\Fld@menulength=\count278
\Field@Width=\dimen172
\Fld@charsize=\dimen173
Package hyperref Info: Hyper figures OFF on input line 6347.
Package hyperref Info: Link nesting OFF on input line 6352.
Package hyperref Info: Hyper index ON on input line 6355.
Package hyperref Info: backreferencing OFF on input line 6362.
Package hyperref Info: Link coloring OFF on input line 6367.
Package hyperref Info: Link coloring with OCG OFF on input line 6372.
Package hyperref Info: PDF/A mode OFF on input line 6377.
LaTeX Info: Redefining \ref on input line 6417.
LaTeX Info: Redefining \pageref on input line 6421.

(C:\Users\lupam\AppData\Local\Programs\MiKTeX\tex/generic/atbegshi\atbegshi.sty
Package: atbegshi 2019/12/05 v1.19 At begin shipout hook (HO)
)
\Hy@abspage=\count279
\c@Item=\count280
\c@Hfootnote=\count281
)
Package hyperref Info: Driver (autodetected): hpdftex.
 (C:\Users\lupam\AppData\Local\Programs\MiKTeX\tex/latex/hyperref\hpdftex.def
File: hpdftex.def 2020-05-15 v7.00e Hyperref driver for pdfTeX

(C:\Users\lupam\AppData\Local\Programs\MiKTeX\tex/latex/atveryend\atveryend.sty
Package: atveryend 2019-12-11 v1.11 Hooks at the very end of document (HO)
)
\Fld@listcount=\count282
\c@bookmark@seq@number=\count283

(C:\Users\lupam\AppData\Local\Programs\MiKTeX\tex/latex/rerunfilecheck\rerunfil
echeck.sty
Package: rerunfilecheck 2019/12/05 v1.9 Rerun checks for auxiliary files (HO)

(C:\Users\lupam\AppData\Local\Programs\MiKTeX\tex/generic/uniquecounter\uniquec
ounter.sty
Package: uniquecounter 2019/12/15 v1.4 Provide unlimited unique counter (HO)
)
Package uniquecounter Info: New unique counter `rerunfilecheck' on input line 2
86.
)
\Hy@SectionHShift=\skip56
)
Package hyperref Info: Option `colorlinks' set `true' on input line 40.


Package hyperref Warning: Option `bookmarks' has already been used,
(hyperref)                setting the option has no effect on input line 40.

Package hyperref Info: Option `bookmarksopen' set `false' on input line 40.
\c@para=\count284
(C:\Users\lupam\AppData\Local\Programs\MiKTeX\tex/latex/footmisc\footmisc.sty
Package: footmisc 2011/06/06 v5.5b a miscellany of footnote facilities
\FN@temptoken=\toks30
\footnotemargin=\dimen174


LaTeX Warning: Command \@makecol  has changed.
               Check if current package is valid.

\c@pp@next@reset=\count285
Package footmisc Info: Declaring symbol style bringhurst on input line 855.
Package footmisc Info: Declaring symbol style chicago on input line 863.
Package footmisc Info: Declaring symbol style wiley on input line 872.
Package footmisc Info: Declaring symbol style lamport-robust on input line 883.

Package footmisc Info: Declaring symbol style lamport* on input line 903.
Package footmisc Info: Declaring symbol style lamport*-robust on input line 924
.
) Excluding 'comment' comment. Excluding 'comment' comment.
Class revtex4-2 Info: Unrecognized LaTeX tabular. Please update this document c
lass! (Proceeding with fingers crossed.) on input line 173.
Class revtex4-2 Info: cite was not loaded (OK!) on input line 173.
Class revtex4-2 Info: mcite was not loaded (OK!) on input line 173.
Class revtex4-2 Info: multicol was not loaded (OK!) on input line 173.

(C:\Users\lupam\AppData\Local\Programs\MiKTeX\tex/latex/l3backend\l3backend-pdf
mode.def
File: l3backend-pdfmode.def 2020-06-29 L3 backend support: PDF mode
\l__kernel_color_stack_int=\count286
\l__pdf_internal_box=\box66
) (Chehade_Schrodinger_tpfinal.aux)
\openout1 = `Chehade_Schrodinger_tpfinal.aux'.

LaTeX Font Info:    Checking defaults for OML/cmm/m/it on input line 173.
LaTeX Font Info:    ... okay on input line 173.
LaTeX Font Info:    Checking defaults for OMS/cmsy/m/n on input line 173.
LaTeX Font Info:    ... okay on input line 173.
LaTeX Font Info:    Checking defaults for OT1/cmr/m/n on input line 173.
LaTeX Font Info:    ... okay on input line 173.
LaTeX Font Info:    Checking defaults for T1/cmr/m/n on input line 173.
LaTeX Font Info:    ... okay on input line 173.
LaTeX Font Info:    Checking defaults for TS1/cmr/m/n on input line 173.
LaTeX Font Info:    ... okay on input line 173.
LaTeX Font Info:    Checking defaults for OMX/cmex/m/n on input line 173.
LaTeX Font Info:    ... okay on input line 173.
LaTeX Font Info:    Checking defaults for U/cmr/m/n on input line 173.
LaTeX Font Info:    ... okay on input line 173.
LaTeX Font Info:    Checking defaults for PD1/pdf/m/n on input line 173.
LaTeX Font Info:    ... okay on input line 173.
LaTeX Info: Redefining \. on input line 173.
LaTeX Info: Redefining \% on input line 173.

(C:\Users\lupam\AppData\Local\Programs\MiKTeX\tex/context/base/mkii\supp-pdf.mk
ii
[Loading MPS to PDF converter (version 2006.09.02).]
\scratchcounter=\count287
\scratchdimen=\dimen175
\scratchbox=\box67
\nofMPsegments=\count288
\nofMParguments=\count289
\everyMPshowfont=\toks31
\MPscratchCnt=\count290
\MPscratchDim=\dimen176
\MPnumerator=\count291
\makeMPintoPDFobject=\count292
\everyMPtoPDFconversion=\toks32
)
(C:\Users\lupam\AppData\Local\Programs\MiKTeX\tex/latex/epstopdf-pkg\epstopdf-b
ase.sty
Package: epstopdf-base 2020-01-24 v2.11 Base part for package epstopdf

(C:\Users\lupam\AppData\Local\Programs\MiKTeX\tex/latex/grfext\grfext.sty
Package: grfext 2019/12/03 v1.3 Manage graphics extensions (HO)
)
Package epstopdf-base Info: Redefining graphics rule for `.eps' on input line 4
85.
Package grfext Info: Graphics extension search list:
(grfext)             [.pdf,.png,.jpg,.mps,.jpeg,.jbig2,.jb2,.PDF,.PNG,.JPG,.JPE
G,.JBIG2,.JB2,.eps]
(grfext)             \AppendGraphicsExtensions on input line 504.

(C:\Users\lupam\AppData\Local\Programs\MiKTeX\tex/latex/00miktex\epstopdf-sys.c
fg
File: epstopdf-sys.cfg 2021/03/18 v2.0 Configuration of epstopdf for MiKTeX
))
Package caption Info: Begin \AtBeginDocument code.
Package caption Info: hyperref package is loaded.
Package caption Info: wrapfig package is loaded.
Package caption Info: End \AtBeginDocument code.
\AtBeginShipoutBox=\box68
Package hyperref Info: Link coloring ON on input line 173.

(C:\Users\lupam\AppData\Local\Programs\MiKTeX\tex/latex/hyperref\nameref.sty
Package: nameref 2019/09/16 v2.46 Cross-referencing by name of section

(C:\Users\lupam\AppData\Local\Programs\MiKTeX\tex/latex/refcount\refcount.sty
Package: refcount 2019/12/15 v3.6 Data extraction from label references (HO)
)
(C:\Users\lupam\AppData\Local\Programs\MiKTeX\tex/generic/gettitlestring\gettit
lestring.sty
Package: gettitlestring 2019/12/15 v1.6 Cleanup title references (HO)
)
\c@section@level=\count293
)
LaTeX Info: Redefining \ref on input line 173.
LaTeX Info: Redefining \pageref on input line 173.
LaTeX Info: Redefining \nameref on input line 173.
 (Chehade_Schrodinger_tpfinal.out)
(Chehade_Schrodinger_tpfinal.out)
\@outlinefile=\write5
\openout5 = `Chehade_Schrodinger_tpfinal.out'.

Class revtex4-2 Info: Taking \maketitle back from hyperref on input line 173.
\openout3 = `Chehade_Schrodinger_tpfinalNotes.bib'.



Class revtex4-2 Warning: Assuming \noaffiliation for authors.

LaTeX Font Info:    Trying to load font information for U+msa on input line 192
.
(C:\Users\lupam\AppData\Local\Programs\MiKTeX\tex/latex/amsfonts\umsa.fd
File: umsa.fd 2013/01/14 v3.01 AMS symbols A
)
LaTeX Font Info:    Trying to load font information for U+msb on input line 192
.

(C:\Users\lupam\AppData\Local\Programs\MiKTeX\tex/latex/amsfonts\umsb.fd
File: umsb.fd 2013/01/14 v3.01 AMS symbols B
)
Excluding 'comment' comment. Excluding 'comment' comment. [1{C:/Users/lupam/App
Data/Local/MiKTeX/pdftex/config/pdftex.map}]
<condicion_inicial.pdf, id=66, 552.0625pt x 367.3725pt>
File: condicion_inicial.pdf Graphic file (type pdf)
<use condicion_inicial.pdf>
Package pdftex.def Info: condicion_inicial.pdf  used on input line 302.
(pdftex.def)             Requested size: 221.3985pt x 147.33318pt.


LaTeX Warning: `h' float specifier changed to `ht'.

Excluding 'comment' comment. [2pdfTeX warning (ext4): destination with the same
 identifier (name{equation.2.7}) has been already used, duplicate ignored

\AtBegShi@Output ...ipout \box \AtBeginShipoutBox 
                                                  \fi \fi 
l.335 
      pdfTeX warning (ext4): destination with the same identifier (name{equatio
n.2.7}) has been already used, duplicate ignored

\AtBegShi@Output ...ipout \box \AtBeginShipoutBox 
                                                  \fi \fi 
l.335 
       <./condicion_inicial.pdf>]
<norma.pdf, id=112, 552.0625pt x 364.36125pt>
File: norma.pdf Graphic file (type pdf)
<use norma.pdf>
Package pdftex.def Info: norma.pdf  used on input line 337.
(pdftex.def)             Requested size: 209.1015pt x 138.00838pt.
<energia.png, id=116, 797.98125pt x 469.755pt>
File: energia.png Graphic file (type png)
<use energia.png>
Package pdftex.def Info: energia.png  used on input line 345.
(pdftex.def)             Requested size: 246.0pt x 144.81258pt.
 Excluding 'comment' comment.
<evolution_1.pdf, id=119, 552.0625pt x 341.275pt>
File: evolution_1.pdf Graphic file (type pdf)
<use evolution_1.pdf>
Package pdftex.def Info: evolution_1.pdf  used on input line 367.
(pdftex.def)             Requested size: 229.49844pt x 141.87123pt.
<valores_medios_1.png, id=120, 731.73375pt x 359.09157pt>
File: valores_medios_1.png Graphic file (type png)
<use valores_medios_1.png>
Package pdftex.def Info: valores_medios_1.png  used on input line 373.
(pdftex.def)             Requested size: 229.49844pt x 112.62129pt.
 [3 <./norma.pdf> <./energia.png> <./evolution_1.pdf> <./valores_medios_1.png>]
<evolution_2i.pdf, id=160, 552.0625pt x 341.275pt>
File: evolution_2i.pdf Graphic file (type pdf)
<use evolution_2i.pdf>
Package pdftex.def Info: evolution_2i.pdf  used on input line 385.
(pdftex.def)             Requested size: 229.49844pt x 141.87123pt.
<valores_medios_2i.png, id=161, 686.565pt x 338.01282pt>
File: valores_medios_2i.png Graphic file (type png)
<use valores_medios_2i.png>
Package pdftex.def Info: valores_medios_2i.png  used on input line 391.
(pdftex.def)             Requested size: 229.49844pt x 112.98355pt.
<evolution_2ii.pdf, id=172, 552.0625pt x 341.275pt>
File: evolution_2ii.pdf Graphic file (type pdf)
<use evolution_2ii.pdf>
Package pdftex.def Info: evolution_2ii.pdf  used on input line 403.
(pdftex.def)             Requested size: 229.49844pt x 141.87123pt.
<valores_medios_2ii.png, id=173, 703.87968pt x 355.3275pt>
File: valores_medios_2ii.png Graphic file (type png)
<use valores_medios_2ii.png>
Package pdftex.def Info: valores_medios_2ii.png  used on input line 409.
(pdftex.def)             Requested size: 229.49844pt x 115.85417pt.
<evolution_2iii.pdf, id=182, 552.0625pt x 341.275pt>
File: evolution_2iii.pdf Graphic file (type pdf)
<use evolution_2iii.pdf>
Package pdftex.def Info: evolution_2iii.pdf  used on input line 423.
(pdftex.def)             Requested size: 229.49844pt x 141.87123pt.
<valores_medios_2iii.png, id=183, 662.475pt x 331.2375pt>
File: valores_medios_2iii.png Graphic file (type png)
<use valores_medios_2iii.png>
Package pdftex.def Info: valores_medios_2iii.png  used on input line 429.
(pdftex.def)             Requested size: 229.49844pt x 114.7471pt.
 [4 <./evolution_2i.pdf> <./valores_medios_2i.png>]

LaTeX Warning: A float is stuck (cannot be placed) on input line 436.


LaTeX Warning: A float is stuck (cannot be placed) on input line 436.


Class revtex4-2 Warning: Deferred float stuck during \clearpage processing.

[5 <./evolution_2ii.pdf> <./valores_medios_2ii.png> <./evolution_2iii.pdf

pdfTeX warning: pdflatex (file ./evolution_2iii.pdf): PDF inclusion: multiple p
dfs with page group included in a single page
> <./valores_medios_2iii.png>] (Chehade_Schrodinger_tpfinal.bbl) [6]
Package atveryend Info: Empty hook `AfterLastShipout' on input line 446.

(Chehade_Schrodinger_tpfinal.aux)
Package atveryend Info: Executing hook `AtVeryEndDocument' on input line 446.
Package atveryend Info: Executing hook `AtEndAfterFileList' on input line 446.
Package rerunfilecheck Info: File `Chehade_Schrodinger_tpfinal.out' has not cha
nged.
(rerunfilecheck)             Checksum: A8E05CCF21414EA15F933574295F5632;484.
 ) 
Here is how much of TeX's memory you used:
 12825 strings out of 480790
 196028 string characters out of 2897301
 508881 words of memory out of 3000000
 28549 multiletter control sequences out of 15000+200000
 542991 words of font info for 63 fonts, out of 3000000 for 9000
 1141 hyphenation exceptions out of 8191
 46i,16n,63p,2723b,638s stack positions out of 5000i,500n,10000p,200000b,50000s
<C:/Users/lupam/AppData/Local/Programs/MiKTeX/fonts/type1/public/amsfonts/cm/
cmbx12.pfb><C:/Users/lupam/AppData/Local/Programs/MiKTeX/fonts/type1/public/ams
fonts/cm/cmbx9.pfb><C:/Users/lupam/AppData/Local/Programs/MiKTeX/fonts/type1/pu
blic/amsfonts/cm/cmex10.pfb><C:/Users/lupam/AppData/Local/Programs/MiKTeX/fonts
/type1/public/amsfonts/cm/cmmi10.pfb><C:/Users/lupam/AppData/Local/Programs/MiK
TeX/fonts/type1/public/amsfonts/cm/cmmi5.pfb><C:/Users/lupam/AppData/Local/Prog
rams/MiKTeX/fonts/type1/public/amsfonts/cm/cmmi6.pfb><C:/Users/lupam/AppData/Lo
cal/Programs/MiKTeX/fonts/type1/public/amsfonts/cm/cmmi7.pfb><C:/Users/lupam/Ap
pData/Local/Programs/MiKTeX/fonts/type1/public/amsfonts/cm/cmmi9.pfb><C:/Users/
lupam/AppData/Local/Programs/MiKTeX/fonts/type1/public/amsfonts/cm/cmr10.pfb><C
:/Users/lupam/AppData/Local/Programs/MiKTeX/fonts/type1/public/amsfonts/cm/cmr5
.pfb><C:/Users/lupam/AppData/Local/Programs/MiKTeX/fonts/type1/public/amsfonts/
cm/cmr6.pfb><C:/Users/lupam/AppData/Local/Programs/MiKTeX/fonts/type1/public/am
sfonts/cm/cmr7.pfb><C:/Users/lupam/AppData/Local/Programs/MiKTeX/fonts/type1/pu
blic/amsfonts/cm/cmr8.pfb><C:/Users/lupam/AppData/Local/Programs/MiKTeX/fonts/t
ype1/public/amsfonts/cm/cmr9.pfb><C:/Users/lupam/AppData/Local/Programs/MiKTeX/
fonts/type1/public/amsfonts/cm/cmsy10.pfb><C:/Users/lupam/AppData/Local/Program
s/MiKTeX/fonts/type1/public/amsfonts/cm/cmsy5.pfb><C:/Users/lupam/AppData/Local
/Programs/MiKTeX/fonts/type1/public/amsfonts/cm/cmsy7.pfb><C:/Users/lupam/AppDa
ta/Local/Programs/MiKTeX/fonts/type1/public/amsfonts/cm/cmsy9.pfb><C:/Users/lup
am/AppData/Local/Programs/MiKTeX/fonts/type1/public/amsfonts/cm/cmti9.pfb><C:/U
sers/lupam/AppData/Local/Programs/MiKTeX/fonts/type1/public/amsfonts/symbols/ms
am10.pfb><C:/Users/lupam/AppData/Local/Programs/MiKTeX/fonts/type1/public/amsfo
nts/symbols/msbm10.pfb>
Output written on Chehade_Schrodinger_tpfinal.pdf (6 pages, 568858 bytes).
PDF statistics:
 312 PDF objects out of 1000 (max. 8388607)
 37 named destinations out of 1000 (max. 500000)
 130 words of extra memory for PDF output out of 10000 (max. 10000000)

